[debug] [2022-08-11T14:56:32.777Z] ----------------------------------------------------------------------
[debug] [2022-08-11T14:56:32.779Z] Command:       C:\Program Files\nodejs\node.exe C:\Program Files\nodejs\node_modules\firebase-tools\lib\bin\firebase.js init
[debug] [2022-08-11T14:56:32.779Z] CLI Version:   11.6.0
[debug] [2022-08-11T14:56:32.779Z] Platform:      win32
[debug] [2022-08-11T14:56:32.779Z] Node Version:  v16.15.1
[debug] [2022-08-11T14:56:32.780Z] Time:          Thu Aug 11 2022 20:26:32 GMT+0530 (India Standard Time)
[debug] [2022-08-11T14:56:32.780Z] ----------------------------------------------------------------------
[debug] 
[debug] [2022-08-11T14:56:32.788Z] > command requires scopes: ["email","openid","https://www.googleapis.com/auth/cloudplatformprojects.readonly","https://www.googleapis.com/auth/firebase","https://www.googleapis.com/auth/cloud-platform"]
[debug] [2022-08-11T14:56:32.788Z] > authorizing via signed-in user (pasiweerarathne98@gmail.com)
[info] 
     ######## #### ########  ######## ########     ###     ######  ########
     ##        ##  ##     ## ##       ##     ##  ##   ##  ##       ##
     ######    ##  ########  ######   ########  #########  ######  ######
     ##        ##  ##    ##  ##       ##     ## ##     ##       ## ##
     ##       #### ##     ## ######## ########  ##     ##  ######  ########

You're about to initialize a Firebase project in this directory:

  E:\react\react related tutorials\React Netlix\netflix-clone

[info] 
=== Project Setup
[info] 
[info] First, let's associate this project directory with a Firebase project.
[info] You can create multiple project aliases by running firebase use --add, 
[info] but for now we'll just set up a default project.
[info] 
[debug] [2022-08-11T14:58:59.385Z] >>> [apiv2][query] GET https://firebase.googleapis.com/v1beta1/projects pageSize=100
[debug] [2022-08-11T14:59:00.791Z] <<< [apiv2][status] GET https://firebase.googleapis.com/v1beta1/projects 200
[debug] [2022-08-11T14:59:00.792Z] <<< [apiv2][body] GET https://firebase.googleapis.com/v1beta1/projects [omitted]
[info] i  Using project netflix-clone-cfd2b (netflix-clone) 
[info] 
=== Hosting Setup
[info] 
[info] Your public directory is the folder (relative to your project directory) that
[info] will contain Hosting assets to be uploaded with firebase deploy. If you
[info] have a build process for your assets, use your build's output directory.
[info] 
[info] +  Wrote public/404.html 
[debug] [2022-08-11T14:59:49.739Z] >>> [apiv2][query] GET https://www.gstatic.com/firebasejs/releases.json [none]
[debug] [2022-08-11T14:59:50.084Z] <<< [apiv2][status] GET https://www.gstatic.com/firebasejs/releases.json 200
[debug] [2022-08-11T14:59:50.085Z] <<< [apiv2][body] GET https://www.gstatic.com/firebasejs/releases.json {"current":{"version":"9.9.2","browserURL":"https://www.gstatic.com/firebasejs/9.9.2/firebase.js","packageURL":"https://www.gstatic.com/firebasejs/9.9.2/firebase.tgz"},"live":{"version":"9.9","browserURL":"https://www.gstatic.com/firebasejs/live/9.9/firebase.js","packageURL":"https://www.gstatic.com/firebasejs/live/9.9/firebase.tgz"},"components":{"analytics":"https://www.gstatic.com/firebasejs/9.9.2/firebase-analytics.js","app":"https://www.gstatic.com/firebasejs/9.9.2/firebase-app.js","app-check":"https://www.gstatic.com/firebasejs/9.9.2/firebase-app-check.js","auth":"https://www.gstatic.com/firebasejs/9.9.2/firebase-auth.js","auth/cordova":"https://www.gstatic.com/firebasejs/9.9.2/firebase-auth/cordova.js","auth/react-native":"https://www.gstatic.com/firebasejs/9.9.2/firebase-auth/react-native.js","functions":"https://www.gstatic.com/firebasejs/9.9.2/firebase-functions.js","firestore":"https://www.gstatic.com/firebasejs/9.9.2/firebase-firestore.js","firestore/lite":"https://www.gstatic.com/firebasejs/9.9.2/firebase-firestore/lite.js","installations":"https://www.gstatic.com/firebasejs/9.9.2/firebase-installations.js","storage":"https://www.gstatic.com/firebasejs/9.9.2/firebase-storage.js","performance":"https://www.gstatic.com/firebasejs/9.9.2/firebase-performance.js","remote-config":"https://www.gstatic.com/firebasejs/9.9.2/firebase-remote-config.js","messaging":"https://www.gstatic.com/firebasejs/9.9.2/firebase-messaging.js","messaging/sw":"https://www.gstatic.com/firebasejs/9.9.2/firebase-messaging/sw.js","database":"https://www.gstatic.com/firebasejs/9.9.2/firebase-database.js","firestore.memory":"https://www.gstatic.com/firebasejs/9.9.2/firebase-firestore.memory.js"}}
[info] +  Wrote public/index.html 
[info] 
[info] i  Didn't detect a .git folder. Assuming E:\react\react related tutorials\React Netlix\netflix-clone is the project root. 
[info] i  Authorizing with GitHub to upload your service account to a GitHub repository's secrets store. 
[info] 
[info] Visit this URL on this device to log in:
[info] https://github.com/login/oauth/authorize?client_id=89cf50f02ac6aaed3484&state=548166469&redirect_uri=http%3A%2F%2Flocalhost%3A9005&scope=read%3Auser%20repo%20public_repo
[info] 
[info] Waiting for authentication...
[debug] [2022-08-11T15:01:14.389Z] >>> [apiv2][query] POST https://github.com/login/oauth/access_token [none]
[debug] [2022-08-11T15:01:14.389Z] >>> [apiv2][body] POST https://github.com/login/oauth/access_token [stream]
[debug] [2022-08-11T15:01:15.248Z] <<< [apiv2][status] POST https://github.com/login/oauth/access_token 200
[debug] [2022-08-11T15:01:15.248Z] <<< [apiv2][body] POST https://github.com/login/oauth/access_token {"access_token":"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","token_type":"bearer","scope":"read:user,repo"}
[debug] [2022-08-11T15:01:17.912Z] >>> [apiv2][query] GET https://api.github.com/user [none]
[debug] [2022-08-11T15:01:18.527Z] <<< [apiv2][status] GET https://api.github.com/user 200
[debug] [2022-08-11T15:01:18.527Z] <<< [apiv2][body] GET https://api.github.com/user {"login":"pasinduweerarathne","id":95599859,"node_id":"U_kgDOBbK88w","avatar_url":"https://avatars.githubusercontent.com/u/95599859?v=4","gravatar_id":"","url":"https://api.github.com/users/pasinduweerarathne","html_url":"https://github.com/pasinduweerarathne","followers_url":"https://api.github.com/users/pasinduweerarathne/followers","following_url":"https://api.github.com/users/pasinduweerarathne/following{/other_user}","gists_url":"https://api.github.com/users/pasinduweerarathne/gists{/gist_id}","starred_url":"https://api.github.com/users/pasinduweerarathne/starred{/owner}{/repo}","subscriptions_url":"https://api.github.com/users/pasinduweerarathne/subscriptions","organizations_url":"https://api.github.com/users/pasinduweerarathne/orgs","repos_url":"https://api.github.com/users/pasinduweerarathne/repos","events_url":"https://api.github.com/users/pasinduweerarathne/events{/privacy}","received_events_url":"https://api.github.com/users/pasinduweerarathne/received_events","type":"User","site_admin":false,"name":"H.K.D.Pasindu Pramod Weerarathne","company":null,"blog":"","location":null,"email":null,"hireable":null,"bio":null,"twitter_username":null,"public_repos":14,"public_gists":0,"followers":0,"following":2,"created_at":"2021-12-06T03:03:26Z","updated_at":"2022-07-01T19:36:08Z","private_gists":0,"total_private_repos":0,"owned_private_repos":0,"disk_usage":8690,"collaborators":0,"two_factor_authentication":false,"plan":{"name":"free","space":976562499,"collaborators":0,"private_repos":10000}}
[info] 
[info] +  Success! Logged into GitHub as pasinduweerarathne 
[info] 
[debug] [2022-08-11T15:01:38.839Z] >>> [apiv2][query] GET https://api.github.com/repos//actions/secrets/public-key type=owner
[debug] [2022-08-11T15:01:39.412Z] <<< [apiv2][status] GET https://api.github.com/repos//actions/secrets/public-key 404
[debug] [2022-08-11T15:01:39.413Z] <<< [apiv2][body] GET https://api.github.com/repos//actions/secrets/public-key {"message":"Not Found","documentation_url":"https://docs.github.com/rest"}
[debug] [2022-08-11T15:03:20.145Z] ----------------------------------------------------------------------
[debug] [2022-08-11T15:03:20.151Z] Command:       C:\Program Files\nodejs\node.exe C:\Program Files\nodejs\node_modules\firebase-tools\lib\bin\firebase.js init
[debug] [2022-08-11T15:03:20.152Z] CLI Version:   11.6.0
[debug] [2022-08-11T15:03:20.153Z] Platform:      win32
[debug] [2022-08-11T15:03:20.153Z] Node Version:  v16.15.1
[debug] [2022-08-11T15:03:20.155Z] Time:          Thu Aug 11 2022 20:33:20 GMT+0530 (India Standard Time)
[debug] [2022-08-11T15:03:20.156Z] ----------------------------------------------------------------------
[debug] 
[debug] [2022-08-11T15:03:20.192Z] > command requires scopes: ["email","openid","https://www.googleapis.com/auth/cloudplatformprojects.readonly","https://www.googleapis.com/auth/firebase","https://www.googleapis.com/auth/cloud-platform"]
[debug] [2022-08-11T15:03:20.195Z] > authorizing via signed-in user (pasiweerarathne98@gmail.com)
[info] 
     ######## #### ########  ######## ########     ###     ######  ########
     ##        ##  ##     ## ##       ##     ##  ##   ##  ##       ##
     ######    ##  ########  ######   ########  #########  ######  ######
     ##        ##  ##    ##  ##       ##     ## ##     ##       ## ##
     ##       #### ##     ## ######## ########  ##     ##  ######  ########

You're about to initialize a Firebase project in this directory:

  E:\react\react related tutorials\React Netlix\netflix-clone

[info] 
=== Project Setup
[info] 
[info] First, let's associate this project directory with a Firebase project.
[info] You can create multiple project aliases by running firebase use --add, 
[info] but for now we'll just set up a default project.
[info] 
[debug] [2022-08-11T15:06:23.735Z] >>> [apiv2][query] GET https://firebase.googleapis.com/v1beta1/projects pageSize=100
[debug] [2022-08-11T15:06:24.872Z] <<< [apiv2][status] GET https://firebase.googleapis.com/v1beta1/projects 200
[debug] [2022-08-11T15:06:24.873Z] <<< [apiv2][body] GET https://firebase.googleapis.com/v1beta1/projects [omitted]
[info] i  Using project netflix-clone-cfd2b (netflix-clone) 
[info] 
=== Hosting Setup
[info] 
[info] Your public directory is the folder (relative to your project directory) that
[info] will contain Hosting assets to be uploaded with firebase deploy. If you
[info] have a build process for your assets, use your build's output directory.
[info] 
[info] i  Skipping write of public/404.html 
[debug] [2022-08-11T15:07:03.674Z] >>> [apiv2][query] GET https://www.gstatic.com/firebasejs/releases.json [none]
[debug] [2022-08-11T15:07:04.024Z] <<< [apiv2][status] GET https://www.gstatic.com/firebasejs/releases.json 200
[debug] [2022-08-11T15:07:04.024Z] <<< [apiv2][body] GET https://www.gstatic.com/firebasejs/releases.json {"current":{"version":"9.9.2","browserURL":"https://www.gstatic.com/firebasejs/9.9.2/firebase.js","packageURL":"https://www.gstatic.com/firebasejs/9.9.2/firebase.tgz"},"live":{"version":"9.9","browserURL":"https://www.gstatic.com/firebasejs/live/9.9/firebase.js","packageURL":"https://www.gstatic.com/firebasejs/live/9.9/firebase.tgz"},"components":{"analytics":"https://www.gstatic.com/firebasejs/9.9.2/firebase-analytics.js","app":"https://www.gstatic.com/firebasejs/9.9.2/firebase-app.js","app-check":"https://www.gstatic.com/firebasejs/9.9.2/firebase-app-check.js","auth":"https://www.gstatic.com/firebasejs/9.9.2/firebase-auth.js","auth/cordova":"https://www.gstatic.com/firebasejs/9.9.2/firebase-auth/cordova.js","auth/react-native":"https://www.gstatic.com/firebasejs/9.9.2/firebase-auth/react-native.js","functions":"https://www.gstatic.com/firebasejs/9.9.2/firebase-functions.js","firestore":"https://www.gstatic.com/firebasejs/9.9.2/firebase-firestore.js","firestore/lite":"https://www.gstatic.com/firebasejs/9.9.2/firebase-firestore/lite.js","installations":"https://www.gstatic.com/firebasejs/9.9.2/firebase-installations.js","storage":"https://www.gstatic.com/firebasejs/9.9.2/firebase-storage.js","performance":"https://www.gstatic.com/firebasejs/9.9.2/firebase-performance.js","remote-config":"https://www.gstatic.com/firebasejs/9.9.2/firebase-remote-config.js","messaging":"https://www.gstatic.com/firebasejs/9.9.2/firebase-messaging.js","messaging/sw":"https://www.gstatic.com/firebasejs/9.9.2/firebase-messaging/sw.js","database":"https://www.gstatic.com/firebasejs/9.9.2/firebase-database.js","firestore.memory":"https://www.gstatic.com/firebasejs/9.9.2/firebase-firestore.memory.js"}}
[info] i  Skipping write of public/index.html 
[info] 
[info] i  Didn't detect a .git folder. Assuming E:\react\react related tutorials\React Netlix\netflix-clone is the project root. 
[info] i  Authorizing with GitHub to upload your service account to a GitHub repository's secrets store. 
[info] 
[info] Visit this URL on this device to log in:
[info] https://github.com/login/oauth/authorize?client_id=89cf50f02ac6aaed3484&state=469462809&redirect_uri=http%3A%2F%2Flocalhost%3A9005&scope=read%3Auser%20repo%20public_repo
[info] 
[info] Waiting for authentication...
[debug] [2022-08-11T15:07:16.372Z] >>> [apiv2][query] POST https://github.com/login/oauth/access_token [none]
[debug] [2022-08-11T15:07:16.372Z] >>> [apiv2][body] POST https://github.com/login/oauth/access_token [stream]
[debug] [2022-08-11T15:07:16.971Z] <<< [apiv2][status] POST https://github.com/login/oauth/access_token 200
[debug] [2022-08-11T15:07:16.972Z] <<< [apiv2][body] POST https://github.com/login/oauth/access_token {"access_token":"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","token_type":"bearer","scope":"read:user,repo"}
[debug] [2022-08-11T15:07:16.986Z] >>> [apiv2][query] GET https://api.github.com/user [none]
[debug] [2022-08-11T15:07:17.641Z] <<< [apiv2][status] GET https://api.github.com/user 200
[debug] [2022-08-11T15:07:17.642Z] <<< [apiv2][body] GET https://api.github.com/user {"login":"pasinduweerarathne","id":95599859,"node_id":"U_kgDOBbK88w","avatar_url":"https://avatars.githubusercontent.com/u/95599859?v=4","gravatar_id":"","url":"https://api.github.com/users/pasinduweerarathne","html_url":"https://github.com/pasinduweerarathne","followers_url":"https://api.github.com/users/pasinduweerarathne/followers","following_url":"https://api.github.com/users/pasinduweerarathne/following{/other_user}","gists_url":"https://api.github.com/users/pasinduweerarathne/gists{/gist_id}","starred_url":"https://api.github.com/users/pasinduweerarathne/starred{/owner}{/repo}","subscriptions_url":"https://api.github.com/users/pasinduweerarathne/subscriptions","organizations_url":"https://api.github.com/users/pasinduweerarathne/orgs","repos_url":"https://api.github.com/users/pasinduweerarathne/repos","events_url":"https://api.github.com/users/pasinduweerarathne/events{/privacy}","received_events_url":"https://api.github.com/users/pasinduweerarathne/received_events","type":"User","site_admin":false,"name":"H.K.D.Pasindu Pramod Weerarathne","company":null,"blog":"","location":null,"email":null,"hireable":null,"bio":null,"twitter_username":null,"public_repos":14,"public_gists":0,"followers":0,"following":2,"created_at":"2021-12-06T03:03:26Z","updated_at":"2022-07-01T19:36:08Z","private_gists":0,"total_private_repos":0,"owned_private_repos":0,"disk_usage":8690,"collaborators":0,"two_factor_authentication":false,"plan":{"name":"free","space":976562499,"collaborators":0,"private_repos":10000}}
[info] 
[info] +  Success! Logged into GitHub as pasinduweerarathne 
[info] 
